d:\wojtek\studia\semestr5\procesory graficzne\shoal-of-fish\shoal-of-fish-animation\shoaloffishanimation\shoaloffishanimation\x64\release\vc140.pdb
d:\wojtek\studia\semestr5\procesory graficzne\shoal-of-fish\shoal-of-fish-animation\shoaloffishanimation\shoaloffishanimation\x64\release\vector.obj
d:\wojtek\studia\semestr5\procesory graficzne\shoal-of-fish\shoal-of-fish-animation\shoaloffishanimation\shoaloffishanimation\x64\release\animationwindow.obj
d:\wojtek\studia\semestr5\procesory graficzne\shoal-of-fish\shoal-of-fish-animation\shoaloffishanimation\shoaloffishanimation\x64\release\point.obj
d:\wojtek\studia\semestr5\procesory graficzne\shoal-of-fish\shoal-of-fish-animation\shoaloffishanimation\shoaloffishanimation\x64\release\fishsettings.obj
d:\wojtek\studia\semestr5\procesory graficzne\shoal-of-fish\shoal-of-fish-animation\shoaloffishanimation\shoaloffishanimation\x64\release\fish.obj
d:\wojtek\studia\semestr5\procesory graficzne\shoal-of-fish\shoal-of-fish-animation\shoaloffishanimation\x64\release\shoaloffishanimation.exe
d:\wojtek\studia\semestr5\procesory graficzne\shoal-of-fish\shoal-of-fish-animation\shoaloffishanimation\x64\release\shoaloffishanimation.ipdb
d:\wojtek\studia\semestr5\procesory graficzne\shoal-of-fish\shoal-of-fish-animation\shoaloffishanimation\x64\release\shoaloffishanimation.iobj
d:\wojtek\studia\semestr5\procesory graficzne\shoal-of-fish\shoal-of-fish-animation\shoaloffishanimation\x64\release\shoaloffishanimation.pdb
d:\wojtek\studia\semestr5\procesory graficzne\shoal-of-fish\shoal-of-fish-animation\shoaloffishanimation\shoaloffishanimation\x64\release\main.cu.cache
d:\wojtek\studia\semestr5\procesory graficzne\shoal-of-fish\shoal-of-fish-animation\shoaloffishanimation\shoaloffishanimation\x64\release\parallelsteering.cu.cache
d:\wojtek\studia\semestr5\procesory graficzne\shoal-of-fish\shoal-of-fish-animation\shoaloffishanimation\shoaloffishanimation\x64\release\main.cu.obj
d:\wojtek\studia\semestr5\procesory graficzne\shoal-of-fish\shoal-of-fish-animation\shoaloffishanimation\shoaloffishanimation\x64\release\parallelsteering.cu.obj
d:\wojtek\studia\semestr5\procesory graficzne\shoal-of-fish\shoal-of-fish-animation\shoaloffishanimation\shoaloffishanimation\x64\release\shoaloff.627e25e8.tlog\cl.command.1.tlog
d:\wojtek\studia\semestr5\procesory graficzne\shoal-of-fish\shoal-of-fish-animation\shoaloffishanimation\shoaloffishanimation\x64\release\shoaloff.627e25e8.tlog\cl.read.1.tlog
d:\wojtek\studia\semestr5\procesory graficzne\shoal-of-fish\shoal-of-fish-animation\shoaloffishanimation\shoaloffishanimation\x64\release\shoaloff.627e25e8.tlog\cl.write.1.tlog
d:\wojtek\studia\semestr5\procesory graficzne\shoal-of-fish\shoal-of-fish-animation\shoaloffishanimation\shoaloffishanimation\x64\release\shoaloff.627e25e8.tlog\link.command.1.tlog
d:\wojtek\studia\semestr5\procesory graficzne\shoal-of-fish\shoal-of-fish-animation\shoaloffishanimation\shoaloffishanimation\x64\release\shoaloff.627e25e8.tlog\link.read.1.tlog
d:\wojtek\studia\semestr5\procesory graficzne\shoal-of-fish\shoal-of-fish-animation\shoaloffishanimation\shoaloffishanimation\x64\release\shoaloff.627e25e8.tlog\link.write.1.tlog
