  Compiling CUDA source file Source\Main\main.cu...
  
  D:\Wojtek\Studia\Semestr5\Procesory graficzne\Shoal-of-fish\Shoal-of-fish-animation\ShoalOfFishAnimation\ShoalOfFishAnimation>"C:\Program Files\NVIDIA GPU Computing Toolkit\CUDA\v9.0\bin\nvcc.exe" -gencode=arch=compute_30,code=\"sm_30,compute_30\" --use-local-env --cl-version 2015 -ccbin "C:\Program Files (x86)\Microsoft Visual Studio 14.0\VC\bin\x86_amd64" -x cu  -I"D:\Wojtek\Studia\Semestr5\Procesory graficzne\Shoal-of-fish\Shoal-of-fish-animation\ShoalOfFishAnimation\ShoalOfFishAnimation\include\GL" -I"D:\Wojtek\Studia\Semestr5\Procesory graficzne\Shoal-of-fish\Shoal-of-fish-animation\ShoalOfFishAnimation\ShoalOfFishAnimation\include" -I"C:\Program Files\NVIDIA GPU Computing Toolkit\CUDA\v9.0\include" -I"C:\Program Files\NVIDIA GPU Computing Toolkit\CUDA\v9.0\include" -I"C:\Program Files\NVIDIA GPU Computing Toolkit\CUDA\v9.0\include"  -G   --keep-dir x64\Debug -maxrregcount=0  --machine 64 --compile -cudart static  -g   -DGLEW_STATIC -DWIN32 -DWIN64 -D_DEBUG -D_CONSOLE -D_MBCS -Xcompiler "/EHsc /W3 /nologo /Od /FS /Zi /RTC1 /MDd " -o x64\Debug\main.cu.obj "D:\Wojtek\Studia\Semestr5\Procesory graficzne\Shoal-of-fish\Shoal-of-fish-animation\ShoalOfFishAnimation\ShoalOfFishAnimation\Source\Main\main.cu" 
  main.cu
d:\wojtek\studia\semestr5\procesory graficzne\shoal-of-fish\shoal-of-fish-animation\shoaloffishanimation\shoaloffishanimation\source\main\../AnimationWindow/AnimationWindow.h(20): warning C4244: 'argument': conversion from 'time_t' to 'unsigned int', possible loss of data
d:\wojtek\studia\semestr5\procesory graficzne\shoal-of-fish\shoal-of-fish-animation\shoaloffishanimation\shoaloffishanimation\source\main\../AnimationWindow/AnimationWindow.h(23): warning C4244: 'initializing': conversion from 'double' to 'float', possible loss of data
d:\wojtek\studia\semestr5\procesory graficzne\shoal-of-fish\shoal-of-fish-animation\shoaloffishanimation\shoaloffishanimation\source\main\../AnimationWindow/AnimationWindow.h(24): warning C4244: 'initializing': conversion from 'double' to 'float', possible loss of data
d:\wojtek\studia\semestr5\procesory graficzne\shoal-of-fish\shoal-of-fish-animation\shoaloffishanimation\shoaloffishanimation\source\main\../AnimationWindow/AnimationWindow.h(25): warning C4244: 'argument': conversion from 'int' to 'float', possible loss of data
d:\wojtek\studia\semestr5\procesory graficzne\shoal-of-fish\shoal-of-fish-animation\shoaloffishanimation\shoaloffishanimation\source\main\../AnimationWindow/AnimationWindow.h(31): warning C4244: 'argument': conversion from 'time_t' to 'unsigned int', possible loss of data
d:\wojtek\studia\semestr5\procesory graficzne\shoal-of-fish\shoal-of-fish-animation\shoaloffishanimation\shoaloffishanimation\source\main\../AnimationWindow/AnimationWindow.h(34): warning C4244: 'initializing': conversion from 'double' to 'float', possible loss of data
d:\wojtek\studia\semestr5\procesory graficzne\shoal-of-fish\shoal-of-fish-animation\shoaloffishanimation\shoaloffishanimation\source\main\../AnimationWindow/AnimationWindow.h(35): warning C4244: 'initializing': conversion from 'double' to 'float', possible loss of data
d:\wojtek\studia\semestr5\procesory graficzne\shoal-of-fish\shoal-of-fish-animation\shoaloffishanimation\shoaloffishanimation\source\main\../AnimationWindow/AnimationWindow.h(36): warning C4244: 'argument': conversion from 'int' to 'float', possible loss of data
  AnimationWindow.cpp
d:\wojtek\studia\semestr5\procesory graficzne\shoal-of-fish\shoal-of-fish-animation\shoaloffishanimation\shoaloffishanimation\source\animationwindow\animationwindow.h(20): warning C4244: 'argument': conversion from 'time_t' to 'unsigned int', possible loss of data
d:\wojtek\studia\semestr5\procesory graficzne\shoal-of-fish\shoal-of-fish-animation\shoaloffishanimation\shoaloffishanimation\source\animationwindow\animationwindow.h(23): warning C4244: 'initializing': conversion from 'double' to 'float', possible loss of data
d:\wojtek\studia\semestr5\procesory graficzne\shoal-of-fish\shoal-of-fish-animation\shoaloffishanimation\shoaloffishanimation\source\animationwindow\animationwindow.h(24): warning C4244: 'initializing': conversion from 'double' to 'float', possible loss of data
d:\wojtek\studia\semestr5\procesory graficzne\shoal-of-fish\shoal-of-fish-animation\shoaloffishanimation\shoaloffishanimation\source\animationwindow\animationwindow.h(25): warning C4244: 'argument': conversion from 'int' to 'float', possible loss of data
d:\wojtek\studia\semestr5\procesory graficzne\shoal-of-fish\shoal-of-fish-animation\shoaloffishanimation\shoaloffishanimation\source\animationwindow\animationwindow.h(31): warning C4244: 'argument': conversion from 'time_t' to 'unsigned int', possible loss of data
d:\wojtek\studia\semestr5\procesory graficzne\shoal-of-fish\shoal-of-fish-animation\shoaloffishanimation\shoaloffishanimation\source\animationwindow\animationwindow.h(34): warning C4244: 'initializing': conversion from 'double' to 'float', possible loss of data
d:\wojtek\studia\semestr5\procesory graficzne\shoal-of-fish\shoal-of-fish-animation\shoaloffishanimation\shoaloffishanimation\source\animationwindow\animationwindow.h(35): warning C4244: 'initializing': conversion from 'double' to 'float', possible loss of data
d:\wojtek\studia\semestr5\procesory graficzne\shoal-of-fish\shoal-of-fish-animation\shoaloffishanimation\shoaloffishanimation\source\animationwindow\animationwindow.h(36): warning C4244: 'argument': conversion from 'int' to 'float', possible loss of data
d:\wojtek\studia\semestr5\procesory graficzne\shoal-of-fish\shoal-of-fish-animation\shoaloffishanimation\shoaloffishanimation\source\cpusteering\sequentialsteering.h(12): warning C4305: 'argument': truncation from 'double' to 'float'
d:\wojtek\studia\semestr5\procesory graficzne\shoal-of-fish\shoal-of-fish-animation\shoaloffishanimation\shoaloffishanimation\source\cpusteering\sequentialsteering.h(13): warning C4305: 'argument': truncation from 'double' to 'float'
d:\wojtek\studia\semestr5\procesory graficzne\shoal-of-fish\shoal-of-fish-animation\shoaloffishanimation\shoaloffishanimation\source\animationwindow\animationwindow.cpp(25): warning C4800: 'AnimationWindow *const ': forcing value to bool 'true' or 'false' (performance warning)
  ShoalOfFishAnimation.vcxproj -> D:\Wojtek\Studia\Semestr5\Procesory graficzne\Shoal-of-fish\Shoal-of-fish-animation\ShoalOfFishAnimation\x64\Debug\ShoalOfFishAnimation.exe
  ShoalOfFishAnimation.vcxproj -> D:\Wojtek\Studia\Semestr5\Procesory graficzne\Shoal-of-fish\Shoal-of-fish-animation\ShoalOfFishAnimation\x64\Debug\ShoalOfFishAnimation.pdb (Full PDB)
  copy "C:\Program Files\NVIDIA GPU Computing Toolkit\CUDA\v9.0\bin\cudart*.dll" "D:\Wojtek\Studia\Semestr5\Procesory graficzne\Shoal-of-fish\Shoal-of-fish-animation\ShoalOfFishAnimation\x64\Debug\"
  C:\Program Files\NVIDIA GPU Computing Toolkit\CUDA\v9.0\bin\cudart32_90.dll
  C:\Program Files\NVIDIA GPU Computing Toolkit\CUDA\v9.0\bin\cudart64_90.dll
          2 file(s) copied.
