d:\wojtek\studia\semestr5\procesory graficzne\shoal-of-fish\shoal-of-fish-animation\shoaloffishanimation\shoaloffishanimation\x64\debug\vc140.pdb
d:\wojtek\studia\semestr5\procesory graficzne\shoal-of-fish\shoal-of-fish-animation\shoaloffishanimation\shoaloffishanimation\x64\debug\vc140.idb
d:\wojtek\studia\semestr5\procesory graficzne\shoal-of-fish\shoal-of-fish-animation\shoaloffishanimation\shoaloffishanimation\x64\debug\moja.obj
d:\wojtek\studia\semestr5\procesory graficzne\shoal-of-fish\shoal-of-fish-animation\shoaloffishanimation\x64\debug\shoaloffishanimation.ilk
d:\wojtek\studia\semestr5\procesory graficzne\shoal-of-fish\shoal-of-fish-animation\shoaloffishanimation\x64\debug\shoaloffishanimation.exe
d:\wojtek\studia\semestr5\procesory graficzne\shoal-of-fish\shoal-of-fish-animation\shoaloffishanimation\x64\debug\shoaloffishanimation.pdb
d:\wojtek\studia\semestr5\procesory graficzne\shoal-of-fish\shoal-of-fish-animation\shoaloffishanimation\shoaloffishanimation\x64\debug\kernel.cu.cache
d:\wojtek\studia\semestr5\procesory graficzne\shoal-of-fish\shoal-of-fish-animation\shoaloffishanimation\shoaloffishanimation\x64\debug\kernel.cu.obj
d:\wojtek\studia\semestr5\procesory graficzne\shoal-of-fish\shoal-of-fish-animation\shoaloffishanimation\shoaloffishanimation\x64\debug\main.obj
d:\wojtek\studia\semestr5\procesory graficzne\shoal-of-fish\shoal-of-fish-animation\shoaloffishanimation\shoaloffishanimation\x64\debug\shoaloff.627e25e8.tlog\cl.command.1.tlog
d:\wojtek\studia\semestr5\procesory graficzne\shoal-of-fish\shoal-of-fish-animation\shoaloffishanimation\shoaloffishanimation\x64\debug\shoaloff.627e25e8.tlog\cl.read.1.tlog
d:\wojtek\studia\semestr5\procesory graficzne\shoal-of-fish\shoal-of-fish-animation\shoaloffishanimation\shoaloffishanimation\x64\debug\shoaloff.627e25e8.tlog\cl.write.1.tlog
d:\wojtek\studia\semestr5\procesory graficzne\shoal-of-fish\shoal-of-fish-animation\shoaloffishanimation\shoaloffishanimation\x64\debug\shoaloff.627e25e8.tlog\link-cvtres.read.1.tlog
d:\wojtek\studia\semestr5\procesory graficzne\shoal-of-fish\shoal-of-fish-animation\shoaloffishanimation\shoaloffishanimation\x64\debug\shoaloff.627e25e8.tlog\link-cvtres.write.1.tlog
d:\wojtek\studia\semestr5\procesory graficzne\shoal-of-fish\shoal-of-fish-animation\shoaloffishanimation\shoaloffishanimation\x64\debug\shoaloff.627e25e8.tlog\link-rc.read.1.tlog
d:\wojtek\studia\semestr5\procesory graficzne\shoal-of-fish\shoal-of-fish-animation\shoaloffishanimation\shoaloffishanimation\x64\debug\shoaloff.627e25e8.tlog\link-rc.write.1.tlog
d:\wojtek\studia\semestr5\procesory graficzne\shoal-of-fish\shoal-of-fish-animation\shoaloffishanimation\shoaloffishanimation\x64\debug\shoaloff.627e25e8.tlog\link.2696-cvtres.read.1.tlog
d:\wojtek\studia\semestr5\procesory graficzne\shoal-of-fish\shoal-of-fish-animation\shoaloffishanimation\shoaloffishanimation\x64\debug\shoaloff.627e25e8.tlog\link.2696-cvtres.write.1.tlog
d:\wojtek\studia\semestr5\procesory graficzne\shoal-of-fish\shoal-of-fish-animation\shoaloffishanimation\shoaloffishanimation\x64\debug\shoaloff.627e25e8.tlog\link.2696-rc.read.1.tlog
d:\wojtek\studia\semestr5\procesory graficzne\shoal-of-fish\shoal-of-fish-animation\shoaloffishanimation\shoaloffishanimation\x64\debug\shoaloff.627e25e8.tlog\link.2696-rc.write.1.tlog
d:\wojtek\studia\semestr5\procesory graficzne\shoal-of-fish\shoal-of-fish-animation\shoaloffishanimation\shoaloffishanimation\x64\debug\shoaloff.627e25e8.tlog\link.2696.read.1.tlog
d:\wojtek\studia\semestr5\procesory graficzne\shoal-of-fish\shoal-of-fish-animation\shoaloffishanimation\shoaloffishanimation\x64\debug\shoaloff.627e25e8.tlog\link.2696.write.1.tlog
d:\wojtek\studia\semestr5\procesory graficzne\shoal-of-fish\shoal-of-fish-animation\shoaloffishanimation\shoaloffishanimation\x64\debug\shoaloff.627e25e8.tlog\link.command.1.tlog
d:\wojtek\studia\semestr5\procesory graficzne\shoal-of-fish\shoal-of-fish-animation\shoaloffishanimation\shoaloffishanimation\x64\debug\shoaloff.627e25e8.tlog\link.read.1.tlog
d:\wojtek\studia\semestr5\procesory graficzne\shoal-of-fish\shoal-of-fish-animation\shoaloffishanimation\shoaloffishanimation\x64\debug\shoaloff.627e25e8.tlog\link.write.1.tlog
